<?xml version="1.0" encoding="UTF-8"?>
<testsuite xmlns:xsi="http://www.w3.org/2001/XMLSchema-instance" xsi:noNamespaceSchemaLocation="https://maven.apache.org/surefire/maven-surefire-plugin/xsd/surefire-test-report-3.0.xsd" version="3.0" name="TestSuite" time="214.845" tests="2" errors="0" skipped="0" failures="0">
  <properties>
    <property name="java.specification.version" value="15"/>
    <property name="webdriver.chrome.driver" value="C:\Users\SunilSaxena\.m2\repository\webdriver\chromedriver\win32\94.0.4606.41\chromedriver.exe"/>
    <property name="sun.cpu.isalist" value="amd64"/>
    <property name="sun.jnu.encoding" value="Cp1252"/>
    <property name="java.class.path" value="C:\Users\SunilSaxena\Desktop\Sunil kumar\WorkSpace\FrameworkTemplate\target\test-classes;C:\Users\SunilSaxena\Desktop\Sunil kumar\WorkSpace\FrameworkTemplate\target\classes;C:\Users\SunilSaxena\.m2\repository\org\slf4j\slf4j-log4j12\1.7.5\slf4j-log4j12-1.7.5.jar;C:\Users\SunilSaxena\.m2\repository\org\slf4j\slf4j-api\1.7.5\slf4j-api-1.7.5.jar;C:\Users\SunilSaxena\.m2\repository\org\testng\testng\7.4.0\testng-7.4.0.jar;C:\Users\SunilSaxena\.m2\repository\com\beust\jcommander\1.78\jcommander-1.78.jar;C:\Users\SunilSaxena\.m2\repository\org\webjars\jquery\3.5.1\jquery-3.5.1.jar;C:\Users\SunilSaxena\.m2\repository\org\seleniumhq\selenium\selenium-server\3.14.0\selenium-server-3.14.0.jar;C:\Users\SunilSaxena\.m2\repository\org\seleniumhq\selenium\selenium-java\3.14.0\selenium-java-3.14.0.jar;C:\Users\SunilSaxena\.m2\repository\org\seleniumhq\selenium\selenium-api\3.14.0\selenium-api-3.14.0.jar;C:\Users\SunilSaxena\.m2\repository\org\seleniumhq\selenium\selenium-chrome-driver\3.14.0\selenium-chrome-driver-3.14.0.jar;C:\Users\SunilSaxena\.m2\repository\org\seleniumhq\selenium\selenium-edge-driver\3.14.0\selenium-edge-driver-3.14.0.jar;C:\Users\SunilSaxena\.m2\repository\org\seleniumhq\selenium\selenium-firefox-driver\3.14.0\selenium-firefox-driver-3.14.0.jar;C:\Users\SunilSaxena\.m2\repository\org\seleniumhq\selenium\selenium-ie-driver\3.14.0\selenium-ie-driver-3.14.0.jar;C:\Users\SunilSaxena\.m2\repository\org\seleniumhq\selenium\selenium-opera-driver\3.14.0\selenium-opera-driver-3.14.0.jar;C:\Users\SunilSaxena\.m2\repository\org\seleniumhq\selenium\selenium-remote-driver\3.14.0\selenium-remote-driver-3.14.0.jar;C:\Users\SunilSaxena\.m2\repository\org\seleniumhq\selenium\selenium-safari-driver\3.14.0\selenium-safari-driver-3.14.0.jar;C:\Users\SunilSaxena\.m2\repository\org\seleniumhq\selenium\selenium-support\3.14.0\selenium-support-3.14.0.jar;C:\Users\SunilSaxena\.m2\repository\net\bytebuddy\byte-buddy\1.8.15\byte-buddy-1.8.15.jar;C:\Users\SunilSaxena\.m2\repository\org\apache\commons\commons-exec\1.3\commons-exec-1.3.jar;C:\Users\SunilSaxena\.m2\repository\org\apache\commons\commons-lang3\3.7\commons-lang3-3.7.jar;C:\Users\SunilSaxena\.m2\repository\org\apache\commons\commons-text\1.1\commons-text-1.1.jar;C:\Users\SunilSaxena\.m2\repository\commons-codec\commons-codec\1.10\commons-codec-1.10.jar;C:\Users\SunilSaxena\.m2\repository\commons-io\commons-io\2.6\commons-io-2.6.jar;C:\Users\SunilSaxena\.m2\repository\commons-logging\commons-logging\1.2\commons-logging-1.2.jar;C:\Users\SunilSaxena\.m2\repository\commons-net\commons-net\3.6\commons-net-3.6.jar;C:\Users\SunilSaxena\.m2\repository\com\google\guava\guava\25.0-jre\guava-25.0-jre.jar;C:\Users\SunilSaxena\.m2\repository\com\google\code\findbugs\jsr305\1.3.9\jsr305-1.3.9.jar;C:\Users\SunilSaxena\.m2\repository\org\checkerframework\checker-compat-qual\2.0.0\checker-compat-qual-2.0.0.jar;C:\Users\SunilSaxena\.m2\repository\com\google\errorprone\error_prone_annotations\2.1.3\error_prone_annotations-2.1.3.jar;C:\Users\SunilSaxena\.m2\repository\com\google\j2objc\j2objc-annotations\1.1\j2objc-annotations-1.1.jar;C:\Users\SunilSaxena\.m2\repository\org\codehaus\mojo\animal-sniffer-annotations\1.14\animal-sniffer-annotations-1.14.jar;C:\Users\SunilSaxena\.m2\repository\net\sourceforge\htmlunit\htmlunit\2.30\htmlunit-2.30.jar;C:\Users\SunilSaxena\.m2\repository\net\sourceforge\htmlunit\htmlunit-core-js\2.28\htmlunit-core-js-2.28.jar;C:\Users\SunilSaxena\.m2\repository\net\sourceforge\htmlunit\htmlunit-cssparser\1.0.0\htmlunit-cssparser-1.0.0.jar;C:\Users\SunilSaxena\.m2\repository\net\sourceforge\htmlunit\neko-htmlunit\2.30\neko-htmlunit-2.30.jar;C:\Users\SunilSaxena\.m2\repository\org\apache\httpcomponents\httpclient\4.5.5\httpclient-4.5.5.jar;C:\Users\SunilSaxena\.m2\repository\org\apache\httpcomponents\httpcore\4.4.9\httpcore-4.4.9.jar;C:\Users\SunilSaxena\.m2\repository\org\apache\httpcomponents\httpmime\4.5.5\httpmime-4.5.5.jar;C:\Users\SunilSaxena\.m2\repository\net\jcip\jcip-annotations\1.0\jcip-annotations-1.0.jar;C:\Users\SunilSaxena\.m2\repository\org\seleniumhq\selenium\jetty-repacked\9.4.8.v20180619\jetty-repacked-9.4.8.v20180619.jar;C:\Users\SunilSaxena\.m2\repository\org\eclipse\jetty\jetty-client\9.4.8.v20180619\jetty-client-9.4.8.v20180619.jar;C:\Users\SunilSaxena\.m2\repository\org\eclipse\jetty\jetty-http\9.4.8.v20180619\jetty-http-9.4.8.v20180619.jar;C:\Users\SunilSaxena\.m2\repository\org\eclipse\jetty\jetty-io\9.4.8.v20180619\jetty-io-9.4.8.v20180619.jar;C:\Users\SunilSaxena\.m2\repository\org\eclipse\jetty\jetty-util\9.4.8.v20180619\jetty-util-9.4.8.v20180619.jar;C:\Users\SunilSaxena\.m2\repository\org\eclipse\jetty\jetty-xml\9.4.8.v20180619\jetty-xml-9.4.8.v20180619.jar;C:\Users\SunilSaxena\.m2\repository\com\squareup\okhttp3\okhttp\3.10.0\okhttp-3.10.0.jar;C:\Users\SunilSaxena\.m2\repository\com\squareup\okio\okio\1.14.1\okio-1.14.1.jar;C:\Users\SunilSaxena\.m2\repository\org\seleniumhq\selenium\htmlunit-driver\2.30.0\htmlunit-driver-2.30.0.jar;C:\Users\SunilSaxena\.m2\repository\javax\servlet\javax.servlet-api\3.1.0\javax.servlet-api-3.1.0.jar;C:\Users\SunilSaxena\.m2\repository\org\eclipse\jetty\websocket\websocket-api\9.4.8.v20180619\websocket-api-9.4.8.v20180619.jar;C:\Users\SunilSaxena\.m2\repository\org\eclipse\jetty\websocket\websocket-client\9.4.8.v20180619\websocket-client-9.4.8.v20180619.jar;C:\Users\SunilSaxena\.m2\repository\org\eclipse\jetty\websocket\websocket-common\9.4.8.v20180619\websocket-common-9.4.8.v20180619.jar;C:\Users\SunilSaxena\.m2\repository\xalan\serializer\2.7.2\serializer-2.7.2.jar;C:\Users\SunilSaxena\.m2\repository\xalan\xalan\2.7.2\xalan-2.7.2.jar;C:\Users\SunilSaxena\.m2\repository\xerces\xercesImpl\2.11.0\xercesImpl-2.11.0.jar;C:\Users\SunilSaxena\.m2\repository\xml-apis\xml-apis\1.4.01\xml-apis-1.4.01.jar;C:\Users\SunilSaxena\.m2\repository\org\yaml\snakeyaml\1.19\snakeyaml-1.19.jar;C:\Users\SunilSaxena\.m2\repository\org\apache\poi\poi\3.17\poi-3.17.jar;C:\Users\SunilSaxena\.m2\repository\org\apache\commons\commons-collections4\4.1\commons-collections4-4.1.jar;C:\Users\SunilSaxena\.m2\repository\org\apache\poi\poi-ooxml\3.17\poi-ooxml-3.17.jar;C:\Users\SunilSaxena\.m2\repository\org\apache\poi\poi-ooxml-schemas\3.17\poi-ooxml-schemas-3.17.jar;C:\Users\SunilSaxena\.m2\repository\org\apache\xmlbeans\xmlbeans\2.6.0\xmlbeans-2.6.0.jar;C:\Users\SunilSaxena\.m2\repository\stax\stax-api\1.0.1\stax-api-1.0.1.jar;C:\Users\SunilSaxena\.m2\repository\com\github\virtuald\curvesapi\1.04\curvesapi-1.04.jar;C:\Users\SunilSaxena\Desktop\Sunil kumar\WorkSpace\FrameworkTemplate\libs\framework_web.jar;C:\Users\SunilSaxena\Desktop\Sunil kumar\WorkSpace\FrameworkTemplate\libs\framework_global.jar;C:\Users\SunilSaxena\Desktop\Sunil kumar\WorkSpace\FrameworkTemplate\libs\setup.jar;C:\Users\SunilSaxena\Desktop\Sunil kumar\WorkSpace\FrameworkTemplate\libs\POM.jar;C:\Users\SunilSaxena\.m2\repository\com\aventstack\extentreports\3.1.5\extentreports-3.1.5.jar;C:\Users\SunilSaxena\.m2\repository\org\freemarker\freemarker\2.3.23\freemarker-2.3.23.jar;C:\Users\SunilSaxena\.m2\repository\org\mongodb\mongodb-driver\3.3.0\mongodb-driver-3.3.0.jar;C:\Users\SunilSaxena\.m2\repository\org\mongodb\bson\3.3.0\bson-3.3.0.jar;C:\Users\SunilSaxena\.m2\repository\org\mongodb\mongodb-driver-core\3.3.0\mongodb-driver-core-3.3.0.jar;C:\Users\SunilSaxena\.m2\repository\com\google\code\gson\gson\2.8.0\gson-2.8.0.jar;C:\Users\SunilSaxena\.m2\repository\org\jdom\jdom\1.1\jdom-1.1.jar;C:\Users\SunilSaxena\Desktop\Sunil kumar\WorkSpace\FrameworkTemplate\libs\DB_UpdateMetrices.jar;C:\Users\SunilSaxena\.m2\repository\junit\junit\4.12\junit-4.12.jar;C:\Users\SunilSaxena\.m2\repository\org\hamcrest\hamcrest-core\1.3\hamcrest-core-1.3.jar;C:\Users\SunilSaxena\.m2\repository\log4j\log4j\1.2.17\log4j-1.2.17.jar;C:\Users\SunilSaxena\.m2\repository\com\sun\mail\javax.mail\1.5.5\javax.mail-1.5.5.jar;C:\Users\SunilSaxena\.m2\repository\javax\activation\activation\1.1\activation-1.1.jar;C:\Users\SunilSaxena\.m2\repository\org\jsoup\jsoup\1.11.2\jsoup-1.11.2.jar;C:\Users\SunilSaxena\.m2\repository\io\github\bonigarcia\webdrivermanager\3.2.0\webdrivermanager-3.2.0.jar;C:\Users\SunilSaxena\.m2\repository\org\rauschig\jarchivelib\1.0.0\jarchivelib-1.0.0.jar;C:\Users\SunilSaxena\.m2\repository\org\apache\commons\commons-compress\1.18\commons-compress-1.18.jar;"/>
    <property name="java.vm.vendor" value="Oracle Corporation"/>
    <property name="sun.arch.data.model" value="64"/>
    <property name="user.variant" value=""/>
    <property name="java.vendor.url" value="https://java.oracle.com/"/>
    <property name="user.timezone" value="Asia/Calcutta"/>
    <property name="os.name" value="Windows 10"/>
    <property name="java.vm.specification.version" value="15"/>
    <property name="sun.java.launcher" value="SUN_STANDARD"/>
    <property name="user.country" value="IN"/>
    <property name="sun.boot.library.path" value="C:\Users\SunilSaxena\Desktop\Sunil kumar\eclipse\plugins\org.eclipse.justj.openjdk.hotspot.jre.full.win32.x86_64_15.0.2.v20210201-0955\jre\bin"/>
    <property name="sun.java.command" value="C:\Users\SunilSaxena\AppData\Local\Temp\surefire18440227604987409439\surefirebooter14027133658565650834.jar C:\Users\SunilSaxena\AppData\Local\Temp\surefire18440227604987409439 2021-09-24T00-59-35_427-jvmRun1 surefire6188737032292123714tmp surefire_05303348099110530750tmp"/>
    <property name="jdk.debug" value="release"/>
    <property name="surefire.test.class.path" value="C:\Users\SunilSaxena\Desktop\Sunil kumar\WorkSpace\FrameworkTemplate\target\test-classes;C:\Users\SunilSaxena\Desktop\Sunil kumar\WorkSpace\FrameworkTemplate\target\classes;C:\Users\SunilSaxena\.m2\repository\org\slf4j\slf4j-log4j12\1.7.5\slf4j-log4j12-1.7.5.jar;C:\Users\SunilSaxena\.m2\repository\org\slf4j\slf4j-api\1.7.5\slf4j-api-1.7.5.jar;C:\Users\SunilSaxena\.m2\repository\org\testng\testng\7.4.0\testng-7.4.0.jar;C:\Users\SunilSaxena\.m2\repository\com\beust\jcommander\1.78\jcommander-1.78.jar;C:\Users\SunilSaxena\.m2\repository\org\webjars\jquery\3.5.1\jquery-3.5.1.jar;C:\Users\SunilSaxena\.m2\repository\org\seleniumhq\selenium\selenium-server\3.14.0\selenium-server-3.14.0.jar;C:\Users\SunilSaxena\.m2\repository\org\seleniumhq\selenium\selenium-java\3.14.0\selenium-java-3.14.0.jar;C:\Users\SunilSaxena\.m2\repository\org\seleniumhq\selenium\selenium-api\3.14.0\selenium-api-3.14.0.jar;C:\Users\SunilSaxena\.m2\repository\org\seleniumhq\selenium\selenium-chrome-driver\3.14.0\selenium-chrome-driver-3.14.0.jar;C:\Users\SunilSaxena\.m2\repository\org\seleniumhq\selenium\selenium-edge-driver\3.14.0\selenium-edge-driver-3.14.0.jar;C:\Users\SunilSaxena\.m2\repository\org\seleniumhq\selenium\selenium-firefox-driver\3.14.0\selenium-firefox-driver-3.14.0.jar;C:\Users\SunilSaxena\.m2\repository\org\seleniumhq\selenium\selenium-ie-driver\3.14.0\selenium-ie-driver-3.14.0.jar;C:\Users\SunilSaxena\.m2\repository\org\seleniumhq\selenium\selenium-opera-driver\3.14.0\selenium-opera-driver-3.14.0.jar;C:\Users\SunilSaxena\.m2\repository\org\seleniumhq\selenium\selenium-remote-driver\3.14.0\selenium-remote-driver-3.14.0.jar;C:\Users\SunilSaxena\.m2\repository\org\seleniumhq\selenium\selenium-safari-driver\3.14.0\selenium-safari-driver-3.14.0.jar;C:\Users\SunilSaxena\.m2\repository\org\seleniumhq\selenium\selenium-support\3.14.0\selenium-support-3.14.0.jar;C:\Users\SunilSaxena\.m2\repository\net\bytebuddy\byte-buddy\1.8.15\byte-buddy-1.8.15.jar;C:\Users\SunilSaxena\.m2\repository\org\apache\commons\commons-exec\1.3\commons-exec-1.3.jar;C:\Users\SunilSaxena\.m2\repository\org\apache\commons\commons-lang3\3.7\commons-lang3-3.7.jar;C:\Users\SunilSaxena\.m2\repository\org\apache\commons\commons-text\1.1\commons-text-1.1.jar;C:\Users\SunilSaxena\.m2\repository\commons-codec\commons-codec\1.10\commons-codec-1.10.jar;C:\Users\SunilSaxena\.m2\repository\commons-io\commons-io\2.6\commons-io-2.6.jar;C:\Users\SunilSaxena\.m2\repository\commons-logging\commons-logging\1.2\commons-logging-1.2.jar;C:\Users\SunilSaxena\.m2\repository\commons-net\commons-net\3.6\commons-net-3.6.jar;C:\Users\SunilSaxena\.m2\repository\com\google\guava\guava\25.0-jre\guava-25.0-jre.jar;C:\Users\SunilSaxena\.m2\repository\com\google\code\findbugs\jsr305\1.3.9\jsr305-1.3.9.jar;C:\Users\SunilSaxena\.m2\repository\org\checkerframework\checker-compat-qual\2.0.0\checker-compat-qual-2.0.0.jar;C:\Users\SunilSaxena\.m2\repository\com\google\errorprone\error_prone_annotations\2.1.3\error_prone_annotations-2.1.3.jar;C:\Users\SunilSaxena\.m2\repository\com\google\j2objc\j2objc-annotations\1.1\j2objc-annotations-1.1.jar;C:\Users\SunilSaxena\.m2\repository\org\codehaus\mojo\animal-sniffer-annotations\1.14\animal-sniffer-annotations-1.14.jar;C:\Users\SunilSaxena\.m2\repository\net\sourceforge\htmlunit\htmlunit\2.30\htmlunit-2.30.jar;C:\Users\SunilSaxena\.m2\repository\net\sourceforge\htmlunit\htmlunit-core-js\2.28\htmlunit-core-js-2.28.jar;C:\Users\SunilSaxena\.m2\repository\net\sourceforge\htmlunit\htmlunit-cssparser\1.0.0\htmlunit-cssparser-1.0.0.jar;C:\Users\SunilSaxena\.m2\repository\net\sourceforge\htmlunit\neko-htmlunit\2.30\neko-htmlunit-2.30.jar;C:\Users\SunilSaxena\.m2\repository\org\apache\httpcomponents\httpclient\4.5.5\httpclient-4.5.5.jar;C:\Users\SunilSaxena\.m2\repository\org\apache\httpcomponents\httpcore\4.4.9\httpcore-4.4.9.jar;C:\Users\SunilSaxena\.m2\repository\org\apache\httpcomponents\httpmime\4.5.5\httpmime-4.5.5.jar;C:\Users\SunilSaxena\.m2\repository\net\jcip\jcip-annotations\1.0\jcip-annotations-1.0.jar;C:\Users\SunilSaxena\.m2\repository\org\seleniumhq\selenium\jetty-repacked\9.4.8.v20180619\jetty-repacked-9.4.8.v20180619.jar;C:\Users\SunilSaxena\.m2\repository\org\eclipse\jetty\jetty-client\9.4.8.v20180619\jetty-client-9.4.8.v20180619.jar;C:\Users\SunilSaxena\.m2\repository\org\eclipse\jetty\jetty-http\9.4.8.v20180619\jetty-http-9.4.8.v20180619.jar;C:\Users\SunilSaxena\.m2\repository\org\eclipse\jetty\jetty-io\9.4.8.v20180619\jetty-io-9.4.8.v20180619.jar;C:\Users\SunilSaxena\.m2\repository\org\eclipse\jetty\jetty-util\9.4.8.v20180619\jetty-util-9.4.8.v20180619.jar;C:\Users\SunilSaxena\.m2\repository\org\eclipse\jetty\jetty-xml\9.4.8.v20180619\jetty-xml-9.4.8.v20180619.jar;C:\Users\SunilSaxena\.m2\repository\com\squareup\okhttp3\okhttp\3.10.0\okhttp-3.10.0.jar;C:\Users\SunilSaxena\.m2\repository\com\squareup\okio\okio\1.14.1\okio-1.14.1.jar;C:\Users\SunilSaxena\.m2\repository\org\seleniumhq\selenium\htmlunit-driver\2.30.0\htmlunit-driver-2.30.0.jar;C:\Users\SunilSaxena\.m2\repository\javax\servlet\javax.servlet-api\3.1.0\javax.servlet-api-3.1.0.jar;C:\Users\SunilSaxena\.m2\repository\org\eclipse\jetty\websocket\websocket-api\9.4.8.v20180619\websocket-api-9.4.8.v20180619.jar;C:\Users\SunilSaxena\.m2\repository\org\eclipse\jetty\websocket\websocket-client\9.4.8.v20180619\websocket-client-9.4.8.v20180619.jar;C:\Users\SunilSaxena\.m2\repository\org\eclipse\jetty\websocket\websocket-common\9.4.8.v20180619\websocket-common-9.4.8.v20180619.jar;C:\Users\SunilSaxena\.m2\repository\xalan\serializer\2.7.2\serializer-2.7.2.jar;C:\Users\SunilSaxena\.m2\repository\xalan\xalan\2.7.2\xalan-2.7.2.jar;C:\Users\SunilSaxena\.m2\repository\xerces\xercesImpl\2.11.0\xercesImpl-2.11.0.jar;C:\Users\SunilSaxena\.m2\repository\xml-apis\xml-apis\1.4.01\xml-apis-1.4.01.jar;C:\Users\SunilSaxena\.m2\repository\org\yaml\snakeyaml\1.19\snakeyaml-1.19.jar;C:\Users\SunilSaxena\.m2\repository\org\apache\poi\poi\3.17\poi-3.17.jar;C:\Users\SunilSaxena\.m2\repository\org\apache\commons\commons-collections4\4.1\commons-collections4-4.1.jar;C:\Users\SunilSaxena\.m2\repository\org\apache\poi\poi-ooxml\3.17\poi-ooxml-3.17.jar;C:\Users\SunilSaxena\.m2\repository\org\apache\poi\poi-ooxml-schemas\3.17\poi-ooxml-schemas-3.17.jar;C:\Users\SunilSaxena\.m2\repository\org\apache\xmlbeans\xmlbeans\2.6.0\xmlbeans-2.6.0.jar;C:\Users\SunilSaxena\.m2\repository\stax\stax-api\1.0.1\stax-api-1.0.1.jar;C:\Users\SunilSaxena\.m2\repository\com\github\virtuald\curvesapi\1.04\curvesapi-1.04.jar;C:\Users\SunilSaxena\Desktop\Sunil kumar\WorkSpace\FrameworkTemplate\libs\framework_web.jar;C:\Users\SunilSaxena\Desktop\Sunil kumar\WorkSpace\FrameworkTemplate\libs\framework_global.jar;C:\Users\SunilSaxena\Desktop\Sunil kumar\WorkSpace\FrameworkTemplate\libs\setup.jar;C:\Users\SunilSaxena\Desktop\Sunil kumar\WorkSpace\FrameworkTemplate\libs\POM.jar;C:\Users\SunilSaxena\.m2\repository\com\aventstack\extentreports\3.1.5\extentreports-3.1.5.jar;C:\Users\SunilSaxena\.m2\repository\org\freemarker\freemarker\2.3.23\freemarker-2.3.23.jar;C:\Users\SunilSaxena\.m2\repository\org\mongodb\mongodb-driver\3.3.0\mongodb-driver-3.3.0.jar;C:\Users\SunilSaxena\.m2\repository\org\mongodb\bson\3.3.0\bson-3.3.0.jar;C:\Users\SunilSaxena\.m2\repository\org\mongodb\mongodb-driver-core\3.3.0\mongodb-driver-core-3.3.0.jar;C:\Users\SunilSaxena\.m2\repository\com\google\code\gson\gson\2.8.0\gson-2.8.0.jar;C:\Users\SunilSaxena\.m2\repository\org\jdom\jdom\1.1\jdom-1.1.jar;C:\Users\SunilSaxena\Desktop\Sunil kumar\WorkSpace\FrameworkTemplate\libs\DB_UpdateMetrices.jar;C:\Users\SunilSaxena\.m2\repository\junit\junit\4.12\junit-4.12.jar;C:\Users\SunilSaxena\.m2\repository\org\hamcrest\hamcrest-core\1.3\hamcrest-core-1.3.jar;C:\Users\SunilSaxena\.m2\repository\log4j\log4j\1.2.17\log4j-1.2.17.jar;C:\Users\SunilSaxena\.m2\repository\com\sun\mail\javax.mail\1.5.5\javax.mail-1.5.5.jar;C:\Users\SunilSaxena\.m2\repository\javax\activation\activation\1.1\activation-1.1.jar;C:\Users\SunilSaxena\.m2\repository\org\jsoup\jsoup\1.11.2\jsoup-1.11.2.jar;C:\Users\SunilSaxena\.m2\repository\io\github\bonigarcia\webdrivermanager\3.2.0\webdrivermanager-3.2.0.jar;C:\Users\SunilSaxena\.m2\repository\org\rauschig\jarchivelib\1.0.0\jarchivelib-1.0.0.jar;C:\Users\SunilSaxena\.m2\repository\org\apache\commons\commons-compress\1.18\commons-compress-1.18.jar;"/>
    <property name="sun.cpu.endian" value="little"/>
    <property name="user.home" value="C:\Users\SunilSaxena"/>
    <property name="user.language" value="en"/>
    <property name="java.specification.vendor" value="Oracle Corporation"/>
    <property name="java.version.date" value="2021-01-19"/>
    <property name="java.home" value="C:\Users\SunilSaxena\Desktop\Sunil kumar\eclipse\plugins\org.eclipse.justj.openjdk.hotspot.jre.full.win32.x86_64_15.0.2.v20210201-0955\jre"/>
    <property name="file.separator" value="\"/>
    <property name="basedir" value="C:\Users\SunilSaxena\Desktop\Sunil kumar\WorkSpace\FrameworkTemplate"/>
    <property name="java.vm.compressedOopsMode" value="Zero based"/>
    <property name="line.separator" value="&#10;"/>
    <property name="java.vm.specification.vendor" value="Oracle Corporation"/>
    <property name="java.specification.name" value="Java Platform API Specification"/>
    <property name="surefire.real.class.path" value="C:\Users\SunilSaxena\AppData\Local\Temp\surefire18440227604987409439\surefirebooter14027133658565650834.jar"/>
    <property name="user.script" value=""/>
    <property name="sun.management.compiler" value="HotSpot 64-Bit Tiered Compilers"/>
    <property name="java.runtime.version" value="15.0.2+7-27"/>
    <property name="user.name" value="SunilSaxena"/>
    <property name="path.separator" value=";"/>
    <property name="os.version" value="10.0"/>
    <property name="java.runtime.name" value="OpenJDK Runtime Environment"/>
    <property name="file.encoding" value="Cp1252"/>
    <property name="java.vm.name" value="OpenJDK 64-Bit Server VM"/>
    <property name="localRepository" value="C:\Users\SunilSaxena\.m2\repository"/>
    <property name="java.vendor.url.bug" value="https://bugreport.java.com/bugreport/"/>
    <property name="java.io.tmpdir" value="C:\Users\SUNILS~1\AppData\Local\Temp\"/>
    <property name="java.version" value="15.0.2"/>
    <property name="user.dir" value="C:\Users\SunilSaxena\Desktop\Sunil kumar\WorkSpace\FrameworkTemplate"/>
    <property name="os.arch" value="amd64"/>
    <property name="java.vm.specification.name" value="Java Virtual Machine Specification"/>
    <property name="sun.os.patch.level" value=""/>
    <property name="java.library.path" value="C:\Users\SunilSaxena\Desktop\Sunil kumar\eclipse\plugins\org.eclipse.justj.openjdk.hotspot.jre.full.win32.x86_64_15.0.2.v20210201-0955\jre\bin;C:\WINDOWS\Sun\Java\bin;C:\WINDOWS\system32;C:\WINDOWS;C:/Users/SunilSaxena/Desktop/Sunil kumar/eclipse//plugins/org.eclipse.justj.openjdk.hotspot.jre.full.win32.x86_64_15.0.2.v20210201-0955/jre/bin/server;C:/Users/SunilSaxena/Desktop/Sunil kumar/eclipse//plugins/org.eclipse.justj.openjdk.hotspot.jre.full.win32.x86_64_15.0.2.v20210201-0955/jre/bin;C:\Program Files (x86)\Common Files\Oracle\Java\javapath;C:\WINDOWS\system32;C:\WINDOWS;C:\WINDOWS\System32\Wbem;C:\WINDOWS\System32\WindowsPowerShell\v1.0\;C:\WINDOWS\System32\OpenSSH\;C:\Program Files\Java\jdk1.8.0_291\bin;C:\Program Files\Java\jre1.8.0_291\bin;C:\Program Files\PuTTY\;C:\Program Files\apache-maven-3.3.9\bin;C:\Program Files\Git\cmd;C:\Program Files\MySQL\MySQL Shell 8.0\bin\;C:\Users\SunilSaxena\AppData\Local\Microsoft\WindowsApps;;C:\Users\SunilSaxena\Desktop\Sunil kumar\eclipse;;."/>
    <property name="java.vm.info" value="mixed mode"/>
    <property name="java.vendor" value="Oracle Corporation"/>
    <property name="java.vm.version" value="15.0.2+7-27"/>
    <property name="sun.io.unicode.encoding" value="UnicodeLittle"/>
    <property name="java.class.version" value="59.0"/>
  </properties>
  <testcase name="main" classname="ETS.CCIntake" time="139.975">
    <system-out><![CDATA[open_browser:Browser::Google Chrome is Launched : ChromeDriver: chrome on WINDOWS (94c9b767ebc3f64022d7393d440b657d)
open_browser:Browser::Browser Maximize
open_browser:Browser::Opening URL https://dev.aosen.ai/rivendell/#/SignIn
navigate_CC_SignUpPage:ElementValue::Property Values returned from Properties.xlsx: xpath & //*[text()='Sign Up']
navigate_CC_SignUpPage:WebUIElement::Element: [[ChromeDriver: chrome on WINDOWS (94c9b767ebc3f64022d7393d440b657d)] -> xpath: //*[text()='Sign Up']] exists.
SignUp_Button_Validation::Sign Up button exists on the Login Page&nbsp;&nbsp;&nbsp;<a href='C:\Users\SunilSaxena\Desktop\Sunil kumar\WorkSpace\FrameworkTemplate\Screenshots\CCIntake_24-09-2021_01.00AM\010004.png' data-featherlight='image'><span class='label grey white-text'>S</span></a>
navigate_CC_SignUpPage:ElementValue::Property Values returned from Properties.xlsx: xpath & //*[text()='Sign Up']
navigate_CC_SignUpPage:WebUIElement::Element: [[ChromeDriver: chrome on WINDOWS (94c9b767ebc3f64022d7393d440b657d)] -> xpath: //*[text()='Sign Up']]is clicked successfully.
navigate_CC_SignUpPage:ElementValue::Property Values returned from Properties.xlsx: xpath & //*[text()=' Community Coordinator']
navigate_CC_SignUpPage:WebUIElement::Element: [[ChromeDriver: chrome on WINDOWS (94c9b767ebc3f64022d7393d440b657d)] -> xpath: //*[text()=' Community Coordinator']] exists.
CC_SignUp_Button_Validation::User clicked on Sign Up button and navigated to the CC Sign Up page&nbsp;&nbsp;&nbsp;<a href='C:\Users\SunilSaxena\Desktop\Sunil kumar\WorkSpace\FrameworkTemplate\Screenshots\CCIntake_24-09-2021_01.00AM\010005.png' data-featherlight='image'><span class='label grey white-text'>S</span></a>
navigate_CC_SignUpPage:ElementValue::Property Values returned from Properties.xlsx: xpath & //*[text()=' Community Coordinator']
navigate_CC_SignUpPage:WebUIElement::Element: [[ChromeDriver: chrome on WINDOWS (94c9b767ebc3f64022d7393d440b657d)] -> xpath: //*[text()=' Community Coordinator']]is clicked successfully.
fill_CCEnrollmentForm:ElementValue::Property Values returned from Properties.xlsx: xpath & //*[@formcontrolname='prefix']
fill_CCEnrollmentForm:DropDown::Element should have been "select" but was "mat-select"
Build info: version: '3.14.0', revision: 'aacccce0', time: '2018-08-02T20:19:58.91Z'
System info: host: 'DESKTOP-7E3L7E1', ip: '192.168.0.3', os.name: 'Windows 10', os.arch: 'amd64', os.version: '10.0', java.version: '15.0.2'
Driver info: driver.version: unknown
fill_CCEnrollmentForm:ElementValue::Property Values returned from Properties.xlsx: xpath & //*[@formcontrolname='firstName']
fill_CCEnrollmentForm:TextBox::Values are sucessfully entered in textbox.Emily
fill_CCEnrollmentForm:ElementValue::Property Values returned from Properties.xlsx: xpath & //*[@formcontrolname='middleName']
fill_CCEnrollmentForm:TextBox::Values are sucessfully entered in textbox.
fill_CCEnrollmentForm:ElementValue::Property Values returned from Properties.xlsx: xpath & //*[@formcontrolname='lastName']
fill_CCEnrollmentForm:TextBox::Values are sucessfully entered in textbox.Green
fill_CCEnrollmentForm:ElementValue::Property Values returned from Properties.xlsx: xpath & //*[@formcontrolname='suffix']
fill_CCEnrollmentForm:TextBox::Values are sucessfully entered in textbox.
fill_CCEnrollmentForm:ElementValue::Property Values returned from Properties.xlsx: xpath & //*[@formcontrolname='nickName']
fill_CCEnrollmentForm:TextBox::Values are sucessfully entered in textbox.
fill_CCEnrollmentForm:ElementValue::Property Values returned from Properties.xlsx: xpath & //*[@formcontrolname='dateOfBirth']
fill_CCEnrollmentForm:TextBox::Values are sucessfully entered in textbox.01/21/1994
fill_CCEnrollmentForm:ElementValue::Property Values returned from Properties.xlsx: xpath & //*[@formcontrolname='gender']
fill_CCEnrollmentForm:DropDown::Element should have been "select" but was "mat-select"
Build info: version: '3.14.0', revision: 'aacccce0', time: '2018-08-02T20:19:58.91Z'
System info: host: 'DESKTOP-7E3L7E1', ip: '192.168.0.3', os.name: 'Windows 10', os.arch: 'amd64', os.version: '10.0', java.version: '15.0.2'
Driver info: driver.version: unknown
fill_CCEnrollmentForm:ElementValue::Property Values returned from Properties.xlsx: xpath & //*[@formcontrolname='sexualOrientation']
fill_CCEnrollmentForm:DropDown::Element should have been "select" but was "mat-select"
Build info: version: '3.14.0', revision: 'aacccce0', time: '2018-08-02T20:19:58.91Z'
System info: host: 'DESKTOP-7E3L7E1', ip: '192.168.0.3', os.name: 'Windows 10', os.arch: 'amd64', os.version: '10.0', java.version: '15.0.2'
Driver info: driver.version: unknown
fill_CCEnrollmentForm:ElementValue::Property Values returned from Properties.xlsx: xpath & //*[@formcontrolname='streetAddress']
fill_CCEnrollmentForm:TextBox::Values are sucessfully entered in textbox.125th Avenue
fill_CCEnrollmentForm:ElementValue::Property Values returned from Properties.xlsx: xpath & //*[@formcontrolname='streetAddress2']
fill_CCEnrollmentForm:TextBox::Values are sucessfully entered in textbox.
fill_CCEnrollmentForm:ElementValue::Property Values returned from Properties.xlsx: xpath & //*[@formcontrolname='city']
fill_CCEnrollmentForm:TextBox::Values are sucessfully entered in textbox.New York
fill_CCEnrollmentForm:ElementValue::Property Values returned from Properties.xlsx: xpath & //*[@formcontrolname='country']
fill_CCEnrollmentForm:DropDown::Element should have been "select" but was "mat-select"
Build info: version: '3.14.0', revision: 'aacccce0', time: '2018-08-02T20:19:58.91Z'
System info: host: 'DESKTOP-7E3L7E1', ip: '192.168.0.3', os.name: 'Windows 10', os.arch: 'amd64', os.version: '10.0', java.version: '15.0.2'
Driver info: driver.version: unknown
fill_CCEnrollmentForm:ElementValue::Property Values returned from Properties.xlsx: xpath & //*[@formcontrolname='state']
fill_CCEnrollmentForm:DropDown::Element should have been "select" but was "mat-select"
Build info: version: '3.14.0', revision: 'aacccce0', time: '2018-08-02T20:19:58.91Z'
System info: host: 'DESKTOP-7E3L7E1', ip: '192.168.0.3', os.name: 'Windows 10', os.arch: 'amd64', os.version: '10.0', java.version: '15.0.2'
Driver info: driver.version: unknown
fill_CCEnrollmentForm:ElementValue::Property Values returned from Properties.xlsx: xpath & //*[@formcontrolname='zipCode']
fill_CCEnrollmentForm:TextBox::Values are sucessfully entered in textbox.99716
fill_CCEnrollmentForm:ElementValue::Property Values returned from Properties.xlsx: xpath & //*[@formcontrolname='email']
fill_CCEnrollmentForm:TextBox::Values are sucessfully entered in textbox.automationtest998@alqimi.com
fill_CCEnrollmentForm:ElementValue::Property Values returned from Properties.xlsx: xpath & //*[@formcontrolname='phone']
fill_CCEnrollmentForm:TextBox::Values are sucessfully entered in textbox.7702065145
fill_CCEnrollmentForm:ElementValue::Property Values returned from Properties.xlsx: xpath & //*[@formcontrolname='affiliatedPartnerProgram']
fill_CCEnrollmentForm:DropDown::Element should have been "select" but was "mat-select"
Build info: version: '3.14.0', revision: 'aacccce0', time: '2018-08-02T20:19:58.91Z'
System info: host: 'DESKTOP-7E3L7E1', ip: '192.168.0.3', os.name: 'Windows 10', os.arch: 'amd64', os.version: '10.0', java.version: '15.0.2'
Driver info: driver.version: unknown
fill_CCEnrollmentForm:ElementValue::Property Values returned from Properties.xlsx: xpath & //*[@formcontrolname='militaryServed']
fill_CCEnrollmentForm:DropDown::Element should have been "select" but was "mat-select"
Build info: version: '3.14.0', revision: 'aacccce0', time: '2018-08-02T20:19:58.91Z'
System info: host: 'DESKTOP-7E3L7E1', ip: '192.168.0.3', os.name: 'Windows 10', os.arch: 'amd64', os.version: '10.0', java.version: '15.0.2'
Driver info: driver.version: unknown
fill_CCEnrollmentForm:ElementValue::Property Values returned from Properties.xlsx: xpath & //*[@formcontrolname='branch']
fill_CCEnrollmentForm:DropDown::Element should have been "select" but was "mat-select"
Build info: version: '3.14.0', revision: 'aacccce0', time: '2018-08-02T20:19:58.91Z'
System info: host: 'DESKTOP-7E3L7E1', ip: '192.168.0.3', os.name: 'Windows 10', os.arch: 'amd64', os.version: '10.0', java.version: '15.0.2'
Driver info: driver.version: unknown
fill_CCEnrollmentForm:ElementValue::Property Values returned from Properties.xlsx: xpath & //*[@formcontrolname='jobCode']
fill_CCEnrollmentForm:TextBox::invalid element state: Element is not currently interactable and may not be manipulated
  (Session info: chrome=94.0.4606.54)
Build info: version: '3.14.0', revision: 'aacccce0', time: '2018-08-02T20:19:58.91Z'
System info: host: 'DESKTOP-7E3L7E1', ip: '192.168.0.3', os.name: 'Windows 10', os.arch: 'amd64', os.version: '10.0', java.version: '15.0.2'
Driver info: org.openqa.selenium.chrome.ChromeDriver
Capabilities {acceptInsecureCerts: false, browserName: chrome, browserVersion: 94.0.4606.54, chrome: {chromedriverVersion: 94.0.4606.41 (333e85df3c9b6..., userDataDir: C:\Users\SUNILS~1\AppData\L...}, goog:chromeOptions: {debuggerAddress: localhost:60977}, javascriptEnabled: true, networkConnectionEnabled: false, pageLoadStrategy: normal, platform: WINDOWS, platformName: WINDOWS, proxy: Proxy(), setWindowRect: true, strictFileInteractability: false, timeouts: {implicit: 0, pageLoad: 300000, script: 30000}, unhandledPromptBehavior: dismiss and notify, webauthn:extension:credBlob: true, webauthn:extension:largeBlob: true, webauthn:virtualAuthenticators: true}
Session ID: 94c9b767ebc3f64022d7393d440b657d
fill_CCEnrollmentForm:ElementValue::Property Values returned from Properties.xlsx: xpath & //*[@formcontrolname='highestRank']
fill_CCEnrollmentForm:DropDown::Element should have been "select" but was "mat-select"
Build info: version: '3.14.0', revision: 'aacccce0', time: '2018-08-02T20:19:58.91Z'
System info: host: 'DESKTOP-7E3L7E1', ip: '192.168.0.3', os.name: 'Windows 10', os.arch: 'amd64', os.version: '10.0', java.version: '15.0.2'
Driver info: driver.version: unknown
fill_CCEnrollmentForm:ElementValue::Property Values returned from Properties.xlsx: xpath & //*[@formcontrolname='payeEntryBaseDate']
<init>:UIElement: Finding Element::Issue occurs while finding element
fill_CCEnrollmentForm:TextBox::Cannot invoke "org.openqa.selenium.WebElement.clear()" because "this.b.element" is null
fill_CCEnrollmentForm:ElementValue::Property Values returned from Properties.xlsx: xpath & //*[@formcontrolname='estimateTimeOfSeparation']
<init>:UIElement: Finding Element::Issue occurs while finding element
fill_CCEnrollmentForm:TextBox::Cannot invoke "org.openqa.selenium.WebElement.clear()" because "this.b.element" is null
fill_CCEnrollmentForm:ElementValue::Property Values returned from Properties.xlsx: xpath & (//*[@formcontrolname='location'])[1]
fill_CCEnrollmentForm:TextBox::invalid element state
  (Session info: chrome=94.0.4606.54)
Build info: version: '3.14.0', revision: 'aacccce0', time: '2018-08-02T20:19:58.91Z'
System info: host: 'DESKTOP-7E3L7E1', ip: '192.168.0.3', os.name: 'Windows 10', os.arch: 'amd64', os.version: '10.0', java.version: '15.0.2'
Driver info: org.openqa.selenium.chrome.ChromeDriver
Capabilities {acceptInsecureCerts: false, browserName: chrome, browserVersion: 94.0.4606.54, chrome: {chromedriverVersion: 94.0.4606.41 (333e85df3c9b6..., userDataDir: C:\Users\SUNILS~1\AppData\L...}, goog:chromeOptions: {debuggerAddress: localhost:60977}, javascriptEnabled: true, networkConnectionEnabled: false, pageLoadStrategy: normal, platform: WINDOWS, platformName: WINDOWS, proxy: Proxy(), setWindowRect: true, strictFileInteractability: false, timeouts: {implicit: 0, pageLoad: 300000, script: 30000}, unhandledPromptBehavior: dismiss and notify, webauthn:extension:credBlob: true, webauthn:extension:largeBlob: true, webauthn:virtualAuthenticators: true}
Session ID: 94c9b767ebc3f64022d7393d440b657d
fill_CCEnrollmentForm:ElementValue::Property Values returned from Properties.xlsx: xpath & (//*[@formcontrolname='country'])[1]
fill_CCEnrollmentForm:DropDown::Element should have been "select" but was "mat-select"
Build info: version: '3.14.0', revision: 'aacccce0', time: '2018-08-02T20:19:58.91Z'
System info: host: 'DESKTOP-7E3L7E1', ip: '192.168.0.3', os.name: 'Windows 10', os.arch: 'amd64', os.version: '10.0', java.version: '15.0.2'
Driver info: driver.version: unknown
fill_CCEnrollmentForm:ElementValue::Property Values returned from Properties.xlsx: xpath & (//*[@formcontrolname='startYear'])[1]
fill_CCEnrollmentForm:DropDown::Element should have been "select" but was "mat-select"
Build info: version: '3.14.0', revision: 'aacccce0', time: '2018-08-02T20:19:58.91Z'
System info: host: 'DESKTOP-7E3L7E1', ip: '192.168.0.3', os.name: 'Windows 10', os.arch: 'amd64', os.version: '10.0', java.version: '15.0.2'
Driver info: driver.version: unknown
fill_CCEnrollmentForm:ElementValue::Property Values returned from Properties.xlsx: xpath & (//*[@formcontrolname='endYear'])[1]
fill_CCEnrollmentForm:DropDown::Element should have been "select" but was "mat-select"
Build info: version: '3.14.0', revision: 'aacccce0', time: '2018-08-02T20:19:58.91Z'
System info: host: 'DESKTOP-7E3L7E1', ip: '192.168.0.3', os.name: 'Windows 10', os.arch: 'amd64', os.version: '10.0', java.version: '15.0.2'
Driver info: driver.version: unknown
fill_CCEnrollmentForm:ElementValue::Property Values returned from Properties.xlsx: xpath & //*[@class='addBtn mw_165']
<init>:UIElement: Finding Element::Issue occurs while finding element
fill_CCEnrollmentForm:WebUIElement::Cannot invoke "org.openqa.selenium.WebElement.click()" because "this.b.element" is null
fill_CCEnrollmentForm:ElementValue::Property Values returned from Properties.xlsx: xpath & (//*[@formcontrolname='location'])[2]
<init>:UIElement: Finding Element::Issue occurs while finding element
fill_CCEnrollmentForm:TextBox::Cannot invoke "org.openqa.selenium.WebElement.clear()" because "this.b.element" is null
fill_CCEnrollmentForm:ElementValue::Property Values returned from Properties.xlsx: xpath & (//*[@formcontrolname='country'])[2]
<init>:UIElement: Finding Element::Issue occurs while finding element
fill_CCEnrollmentForm:DropDown::Cannot invoke "org.openqa.selenium.WebElement.getTagName()" because "element" is null
fill_CCEnrollmentForm:ElementValue::Property Values returned from Properties.xlsx: xpath & (//*[@formcontrolname='startYear'])[2]
<init>:UIElement: Finding Element::Issue occurs while finding element
fill_CCEnrollmentForm:DropDown::Cannot invoke "org.openqa.selenium.WebElement.getTagName()" because "element" is null
fill_CCEnrollmentForm:ElementValue::Property Values returned from Properties.xlsx: xpath & (//*[@formcontrolname='endYear'])[2]
<init>:UIElement: Finding Element::Issue occurs while finding element
fill_CCEnrollmentForm:DropDown::Cannot invoke "org.openqa.selenium.WebElement.getTagName()" because "element" is null
fill_CCEnrollmentForm:ElementValue::Property Values returned from Properties.xlsx: xpath & //*[@formcontrolname='militaryRealtionship']
fill_CCEnrollmentForm:DropDown::Element should have been "select" but was "mat-select"
Build info: version: '3.14.0', revision: 'aacccce0', time: '2018-08-02T20:19:58.91Z'
System info: host: 'DESKTOP-7E3L7E1', ip: '192.168.0.3', os.name: 'Windows 10', os.arch: 'amd64', os.version: '10.0', java.version: '15.0.2'
Driver info: driver.version: unknown
fill_CCEnrollmentForm:ElementValue::Property Values returned from Properties.xlsx: xpath & //*[@formcontrolname='militaryRelationshipDescription']
fill_CCEnrollmentForm:DropDown::Element should have been "select" but was "textarea"
Build info: version: '3.14.0', revision: 'aacccce0', time: '2018-08-02T20:19:58.91Z'
System info: host: 'DESKTOP-7E3L7E1', ip: '192.168.0.3', os.name: 'Windows 10', os.arch: 'amd64', os.version: '10.0', java.version: '15.0.2'
Driver info: driver.version: unknown
fill_CCEnrollmentForm:ElementValue::Property Values returned from Properties.xlsx: xpath & //*[text()=' Save and Continue']
fill_CCEnrollmentForm:WebUIElement::Element: [[ChromeDriver: chrome on WINDOWS (94c9b767ebc3f64022d7393d440b657d)] -> xpath: //*[text()=' Save and Continue']]is clicked successfully.
]]></system-out>
    <system-err><![CDATA[Starting ChromeDriver 94.0.4606.41 (333e85df3c9b656b518b5f1add5ff246365b6c24-refs/branch-heads/4606@{#845}) on port 37009
Only local connections are allowed.
Please see https://chromedriver.chromium.org/security-considerations for suggestions on keeping ChromeDriver safe.
ChromeDriver was started successfully.
Sep 24, 2021 12:59:42 AM org.openqa.selenium.remote.ProtocolHandshake createSession
INFO: Detected dialect: W3C
]]></system-err>
  </testcase>
  <testcase name="main" classname="ETS.ETS_Login" time="74.112">
    <system-out><![CDATA[open_browser:Browser::Google Chrome is Launched : ChromeDriver: chrome on WINDOWS (ecb547c14c55f58c4da6b194c1ad344d)
open_browser:Browser::Browser Maximize
open_browser:Browser::Opening URL https://dev.aosen.ai/rivendell/#/SignIn
login:ElementValue::Property Values returned from Properties.xlsx: xpath & //*[@id='loginId']
login:TextBox::Values are sucessfully entered in textbox.NA272583
login:ElementValue::Property Values returned from Properties.xlsx: xpath & //*[@id='password']
login:TextBox::Values are sucessfully entered in textbox.llUU12!@
login:ElementValue::Property Values returned from Properties.xlsx: xpath & //*[text() = ' SIGN IN']
login:WebUIElement::Element: [[ChromeDriver: chrome on WINDOWS (ecb547c14c55f58c4da6b194c1ad344d)] -> xpath: //*[text() = ' SIGN IN']]is clicked successfully.
homePage:ElementValue::Property Values returned from Properties.xlsx: xpath & //*[@class='userNameText']
<init>:UIElement: Finding Element::Issue occurs while finding element
homePage:WebUIElement::Cannot invoke "org.openqa.selenium.WebElement.click()" because "this.b.element" is null
homePage:ElementValue::Property Values returned from Properties.xlsx: xpath & //*[text() = 'Log off']
<init>:UIElement: Finding Element::Issue occurs while finding element
homePage:WebUIElement::Cannot invoke "org.openqa.selenium.WebElement.click()" because "this.b.element" is null
]]></system-out>
    <system-err><![CDATA[Starting ChromeDriver 94.0.4606.41 (333e85df3c9b656b518b5f1add5ff246365b6c24-refs/branch-heads/4606@{#845}) on port 43474
Only local connections are allowed.
Please see https://chromedriver.chromium.org/security-considerations for suggestions on keeping ChromeDriver safe.
ChromeDriver was started successfully.
Sep 24, 2021 1:01:59 AM org.openqa.selenium.remote.ProtocolHandshake createSession
INFO: Detected dialect: W3C
]]></system-err>
  </testcase>
</testsuite>