<?xml version="1.0" encoding="UTF-8"?>
<!-- Generated by org.testng.reporters.JUnitReportReporter -->
<testsuite hostname="DESKTOP-7E3L7E1" failures="0" tests="1" name="ETS.CCIntake" time="18.655" errors="0" timestamp="22 Sep 2021 11:48:36 GMT" skipped="0">
  <testcase classname="ETS.CCIntake" name="main" time="18.655"/>
</testsuite> <!-- ETS.CCIntake -->
