<?xml version="1.0" encoding="UTF-8"?>
<!-- Generated by org.testng.reporters.JUnitReportReporter -->
<testsuite hostname="DESKTOP-7E3L7E1" failures="0" tests="1" name="ETS.ETS_Login" time="84.444" errors="0" timestamp="22 Sep 2021 11:48:36 GMT" skipped="0">
  <testcase classname="ETS.ETS_Login" name="main" time="84.444"/>
</testsuite> <!-- ETS.ETS_Login -->
