<?xml version="1.0" encoding="UTF-8"?>
<!-- Generated by org.testng.reporters.JUnitReportReporter -->
<testsuite hostname="DESKTOP-7E3L7E1" failures="0" tests="1" name="ETS.CCIntake" time="139.738" errors="0" timestamp="2021-09-24T01:03:11 IST" skipped="0">
  <testcase classname="ETS.CCIntake" name="main" time="139.738"/>
  <system-out/>
</testsuite> <!-- ETS.CCIntake -->
