<?xml version="1.0" encoding="UTF-8"?>
<!-- Generated by org.testng.reporters.JUnitReportReporter -->
<testsuite hostname="DESKTOP-7E3L7E1" failures="0" tests="1" name="ETS.ETS_Login" time="74.342" errors="0" timestamp="2021-09-24T01:03:11 IST" skipped="0">
  <testcase classname="ETS.ETS_Login" name="main" time="74.342"/>
  <system-out/>
</testsuite> <!-- ETS.ETS_Login -->
